{"/Users/hiroyusai/src/pulsar/api/src/index.ts": {"path":"/Users/hiroyusai/src/pulsar/api/src/index.ts","statementMap":{"0":{"start":{"line":1,"column":0},"end":{"line":1,"column":30}},"1":{"start":{"line":2,"column":0},"end":{"line":2,"column":24}},"2":{"start":{"line":3,"column":0},"end":{"line":3,"column":28}},"3":{"start":{"line":4,"column":0},"end":{"line":4,"column":43}},"4":{"start":{"line":5,"column":0},"end":{"line":5,"column":28}},"5":{"start":{"line":6,"column":0},"end":{"line":6,"column":49}},"6":{"start":{"line":7,"column":0},"end":{"line":7,"column":43}},"7":{"start":{"line":8,"column":0},"end":{"line":8,"column":51}},"8":{"start":{"line":10,"column":0},"end":{"line":10,"column":16}},"9":{"start":{"line":12,"column":12},"end":{"line":12,"column":21}},"10":{"start":{"line":13,"column":13},"end":{"line":13,"column":37}},"11":{"start":{"line":16,"column":0},"end":{"line":16,"column":18}},"12":{"start":{"line":17,"column":0},"end":{"line":20,"column":4}},"13":{"start":{"line":23,"column":16},"end":{"line":27,"column":2}},"14":{"start":{"line":28,"column":0},"end":{"line":28,"column":17}},"15":{"start":{"line":31,"column":0},"end":{"line":31,"column":24}},"16":{"start":{"line":32,"column":0},"end":{"line":32,"column":48}},"17":{"start":{"line":35,"column":0},"end":{"line":37,"column":3}},"18":{"start":{"line":36,"column":2},"end":{"line":36,"column":66}},"19":{"start":{"line":40,"column":0},"end":{"line":40,"column":42}},"20":{"start":{"line":42,"column":0},"end":{"line":48,"column":15}},"21":{"start":{"line":44,"column":2},"end":{"line":46,"column":3}},"22":{"start":{"line":45,"column":4},"end":{"line":45,"column":18}},"23":{"start":{"line":47,"column":2},"end":{"line":47,"column":40}},"24":{"start":{"line":51,"column":0},"end":{"line":65,"column":3}},"25":{"start":{"line":52,"column":2},"end":{"line":63,"column":3}},"26":{"start":{"line":53,"column":4},"end":{"line":62,"column":7}},"27":{"start":{"line":64,"column":2},"end":{"line":64,"column":9}},"28":{"start":{"line":68,"column":0},"end":{"line":74,"column":3}},"29":{"start":{"line":69,"column":2},"end":{"line":69,"column":31}},"30":{"start":{"line":70,"column":2},"end":{"line":73,"column":5}},"31":{"start":{"line":77,"column":0},"end":{"line":82,"column":1}},"32":{"start":{"line":78,"column":2},"end":{"line":81,"column":5}},"33":{"start":{"line":79,"column":4},"end":{"line":79,"column":64}},"34":{"start":{"line":80,"column":4},"end":{"line":80,"column":44}},"35":{"start":{"line":84,"column":0},"end":{"line":84,"column":19}}},"fnMap":{"0":{"name":"(anonymous_1)","decl":{"start":{"line":35,"column":19},"end":{"line":35,"column":20}},"loc":{"start":{"line":35,"column":32},"end":{"line":37,"column":1}}},"1":{"name":"(anonymous_2)","decl":{"start":{"line":42,"column":24},"end":{"line":42,"column":25}},"loc":{"start":{"line":42,"column":43},"end":{"line":48,"column":1}}},"2":{"name":"(anonymous_3)","decl":{"start":{"line":51,"column":8},"end":{"line":51,"column":9}},"loc":{"start":{"line":51,"column":27},"end":{"line":65,"column":1}}},"3":{"name":"(anonymous_4)","decl":{"start":{"line":68,"column":8},"end":{"line":68,"column":9}},"loc":{"start":{"line":68,"column":96},"end":{"line":74,"column":1}}},"4":{"name":"(anonymous_5)","decl":{"start":{"line":78,"column":19},"end":{"line":78,"column":22}},"loc":{"start":{"line":78,"column":24},"end":{"line":81,"column":3}}}},"branchMap":{"0":{"loc":{"start":{"line":13,"column":13},"end":{"line":13,"column":37}},"type":"binary-expr","locations":[{"start":{"line":13,"column":13},"end":{"line":13,"column":29}},{"start":{"line":13,"column":33},"end":{"line":13,"column":37}}]},"1":{"loc":{"start":{"line":18,"column":10},"end":{"line":18,"column":108}},"type":"binary-expr","locations":[{"start":{"line":18,"column":10},"end":{"line":18,"column":49}},{"start":{"line":18,"column":53},"end":{"line":18,"column":108}}]},"2":{"loc":{"start":{"line":44,"column":2},"end":{"line":46,"column":3}},"type":"if","locations":[{"start":{"line":44,"column":2},"end":{"line":46,"column":3}}]},"3":{"loc":{"start":{"line":52,"column":2},"end":{"line":63,"column":3}},"type":"if","locations":[{"start":{"line":52,"column":2},"end":{"line":63,"column":3}}]},"4":{"loc":{"start":{"line":52,"column":6},"end":{"line":52,"column":80}},"type":"binary-expr","locations":[{"start":{"line":52,"column":6},"end":{"line":52,"column":41}},{"start":{"line":52,"column":45},"end":{"line":52,"column":80}}]},"5":{"loc":{"start":{"line":59,"column":19},"end":{"line":59,"column":52}},"type":"binary-expr","locations":[{"start":{"line":59,"column":19},"end":{"line":59,"column":46}},{"start":{"line":59,"column":50},"end":{"line":59,"column":52}}]},"6":{"loc":{"start":{"line":72,"column":13},"end":{"line":72,"column":87}},"type":"cond-expr","locations":[{"start":{"line":72,"column":54},"end":{"line":72,"column":65}},{"start":{"line":72,"column":68},"end":{"line":72,"column":87}}]},"7":{"loc":{"start":{"line":77,"column":0},"end":{"line":82,"column":1}},"type":"if","locations":[{"start":{"line":77,"column":0},"end":{"line":82,"column":1}}]},"8":{"loc":{"start":{"line":77,"column":4},"end":{"line":77,"column":62}},"type":"binary-expr","locations":[{"start":{"line":77,"column":4},"end":{"line":77,"column":35}},{"start":{"line":77,"column":39},"end":{"line":77,"column":62}}]}},"s":{"0":6,"1":6,"2":6,"3":6,"4":6,"5":6,"6":6,"7":6,"8":6,"9":6,"10":6,"11":6,"12":6,"13":6,"14":6,"15":6,"16":6,"17":6,"18":8,"19":6,"20":6,"21":16,"22":5,"23":11,"24":6,"25":2,"26":0,"27":2,"28":6,"29":1,"30":1,"31":6,"32":0,"33":0,"34":0,"35":6},"f":{"0":8,"1":16,"2":2,"3":1,"4":0},"b":{"0":[6,0],"1":[6,0],"2":[5],"3":[0],"4":[2,0],"5":[0,0],"6":[0,1],"7":[0],"8":[6,0]}}
,"/Users/hiroyusai/src/pulsar/api/src/middleware/auth.ts": {"path":"/Users/hiroyusai/src/pulsar/api/src/middleware/auth.ts","statementMap":{"0":{"start":{"line":2,"column":0},"end":{"line":2,"column":56}},"1":{"start":{"line":3,"column":0},"end":{"line":3,"column":29}},"2":{"start":{"line":5,"column":19},"end":{"line":7,"column":null}},"3":{"start":{"line":18,"column":30},"end":{"line":78,"column":1}},"4":{"start":{"line":23,"column":2},"end":{"line":77,"column":3}},"5":{"start":{"line":24,"column":22},"end":{"line":24,"column":66}},"6":{"start":{"line":25,"column":19},"end":{"line":25,"column":60}},"7":{"start":{"line":26,"column":20},"end":{"line":26,"column":54}},"8":{"start":{"line":27,"column":22},"end":{"line":27,"column":58}},"9":{"start":{"line":29,"column":4},"end":{"line":34,"column":5}},"10":{"start":{"line":30,"column":6},"end":{"line":33,"column":9}},"11":{"start":{"line":37,"column":24},"end":{"line":37,"column":47}},"12":{"start":{"line":38,"column":24},"end":{"line":38,"column":34}},"13":{"start":{"line":39,"column":23},"end":{"line":39,"column":36}},"14":{"start":{"line":41,"column":4},"end":{"line":46,"column":5}},"15":{"start":{"line":42,"column":6},"end":{"line":45,"column":9}},"16":{"start":{"line":49,"column":22},"end":{"line":49,"column":43}},"17":{"start":{"line":50,"column":25},"end":{"line":50,"column":58}},"18":{"start":{"line":51,"column":27},"end":{"line":51,"column":59}},"19":{"start":{"line":53,"column":20},"end":{"line":56,"column":null}},"20":{"start":{"line":59,"column":4},"end":{"line":64,"column":5}},"21":{"start":{"line":60,"column":6},"end":{"line":63,"column":9}},"22":{"start":{"line":67,"column":4},"end":{"line":67,"column":27}},"23":{"start":{"line":68,"column":4},"end":{"line":68,"column":30}},"24":{"start":{"line":70,"column":4},"end":{"line":70,"column":11}},"25":{"start":{"line":72,"column":4},"end":{"line":72,"column":51}},"26":{"start":{"line":73,"column":4},"end":{"line":76,"column":7}},"27":{"start":{"line":18,"column":13},"end":{"line":18,"column":30}}},"fnMap":{"0":{"name":"(anonymous_1)","decl":{"start":{"line":18,"column":30},"end":{"line":18,"column":35}},"loc":{"start":{"line":22,"column":4},"end":{"line":78,"column":1}}}},"branchMap":{"0":{"loc":{"start":{"line":6,"column":2},"end":{"line":6,"column":69}},"type":"binary-expr","locations":[{"start":{"line":6,"column":2},"end":{"line":6,"column":28}},{"start":{"line":6,"column":32},"end":{"line":6,"column":69}}]},"1":{"loc":{"start":{"line":29,"column":4},"end":{"line":34,"column":5}},"type":"if","locations":[{"start":{"line":29,"column":4},"end":{"line":34,"column":5}}]},"2":{"loc":{"start":{"line":29,"column":8},"end":{"line":29,"column":55}},"type":"binary-expr","locations":[{"start":{"line":29,"column":8},"end":{"line":29,"column":18}},{"start":{"line":29,"column":22},"end":{"line":29,"column":29}},{"start":{"line":29,"column":33},"end":{"line":29,"column":41}},{"start":{"line":29,"column":45},"end":{"line":29,"column":55}}]},"3":{"loc":{"start":{"line":41,"column":4},"end":{"line":46,"column":5}},"type":"if","locations":[{"start":{"line":41,"column":4},"end":{"line":46,"column":5}}]},"4":{"loc":{"start":{"line":59,"column":4},"end":{"line":64,"column":5}},"type":"if","locations":[{"start":{"line":59,"column":4},"end":{"line":64,"column":5}}]}},"s":{"0":6,"1":6,"2":6,"3":6,"4":11,"5":11,"6":11,"7":11,"8":11,"9":11,"10":5,"11":6,"12":6,"13":6,"14":6,"15":1,"16":5,"17":5,"18":5,"19":5,"20":5,"21":1,"22":4,"23":4,"24":4,"25":0,"26":0,"27":6},"f":{"0":11},"b":{"0":[6,0],"1":[5],"2":[11,7,6,6],"3":[1],"4":[1]}}
,"/Users/hiroyusai/src/pulsar/api/src/routes/data.ts": {"path":"/Users/hiroyusai/src/pulsar/api/src/routes/data.ts","statementMap":{"0":{"start":{"line":1,"column":0},"end":{"line":1,"column":52}},"1":{"start":{"line":4,"column":15},"end":{"line":4,"column":23}},"2":{"start":{"line":94,"column":19},"end":{"line":94,"column":29}},"3":{"start":{"line":10,"column":0},"end":{"line":53,"column":3}},"4":{"start":{"line":11,"column":2},"end":{"line":52,"column":3}},"5":{"start":{"line":12,"column":26},"end":{"line":12,"column":36}},"6":{"start":{"line":13,"column":20},"end":{"line":13,"column":47}},"7":{"start":{"line":16,"column":23},"end":{"line":16,"column":79}},"8":{"start":{"line":22,"column":21},"end":{"line":46,"column":6}},"9":{"start":{"line":48,"column":4},"end":{"line":48,"column":23}},"10":{"start":{"line":50,"column":4},"end":{"line":50,"column":49}},"11":{"start":{"line":51,"column":4},"end":{"line":51,"column":69}},"12":{"start":{"line":59,"column":0},"end":{"line":92,"column":3}},"13":{"start":{"line":60,"column":2},"end":{"line":91,"column":3}},"14":{"start":{"line":61,"column":26},"end":{"line":61,"column":36}},"15":{"start":{"line":62,"column":20},"end":{"line":62,"column":47}},"16":{"start":{"line":65,"column":23},"end":{"line":65,"column":79}},"17":{"start":{"line":70,"column":30},"end":{"line":85,"column":6}},"18":{"start":{"line":87,"column":4},"end":{"line":87,"column":32}},"19":{"start":{"line":89,"column":4},"end":{"line":89,"column":54}},"20":{"start":{"line":90,"column":4},"end":{"line":90,"column":78}}},"fnMap":{"0":{"name":"(anonymous_0)","decl":{"start":{"line":10,"column":35},"end":{"line":10,"column":40}},"loc":{"start":{"line":10,"column":73},"end":{"line":53,"column":1}}},"1":{"name":"(anonymous_1)","decl":{"start":{"line":59,"column":45},"end":{"line":59,"column":50}},"loc":{"start":{"line":59,"column":83},"end":{"line":92,"column":1}}}},"branchMap":{"0":{"loc":{"start":{"line":16,"column":23},"end":{"line":16,"column":79}},"type":"binary-expr","locations":[{"start":{"line":16,"column":23},"end":{"line":16,"column":38}},{"start":{"line":16,"column":42},"end":{"line":16,"column":79}}]},"1":{"loc":{"start":{"line":45,"column":19},"end":{"line":45,"column":87}},"type":"binary-expr","locations":[{"start":{"line":45,"column":19},"end":{"line":45,"column":45}},{"start":{"line":45,"column":50},"end":{"line":45,"column":86}}]},"2":{"loc":{"start":{"line":45,"column":50},"end":{"line":45,"column":86}},"type":"cond-expr","locations":[{"start":{"line":45,"column":63},"end":{"line":45,"column":74}},{"start":{"line":45,"column":77},"end":{"line":45,"column":86}}]},"3":{"loc":{"start":{"line":65,"column":23},"end":{"line":65,"column":79}},"type":"binary-expr","locations":[{"start":{"line":65,"column":23},"end":{"line":65,"column":38}},{"start":{"line":65,"column":42},"end":{"line":65,"column":79}}]},"4":{"loc":{"start":{"line":84,"column":19},"end":{"line":84,"column":87}},"type":"binary-expr","locations":[{"start":{"line":84,"column":19},"end":{"line":84,"column":45}},{"start":{"line":84,"column":50},"end":{"line":84,"column":86}}]},"5":{"loc":{"start":{"line":84,"column":50},"end":{"line":84,"column":86}},"type":"cond-expr","locations":[{"start":{"line":84,"column":63},"end":{"line":84,"column":74}},{"start":{"line":84,"column":77},"end":{"line":84,"column":86}}]}},"s":{"0":6,"1":6,"2":6,"3":6,"4":6,"5":6,"6":6,"7":6,"8":6,"9":6,"10":0,"11":0,"12":6,"13":3,"14":3,"15":3,"16":3,"17":3,"18":3,"19":0,"20":0},"f":{"0":6,"1":3},"b":{"0":[6,3],"1":[6,3],"2":[3,0],"3":[3,2],"4":[3,2],"5":[2,0]}}
,"/Users/hiroyusai/src/pulsar/api/src/routes/payment.ts": {"path":"/Users/hiroyusai/src/pulsar/api/src/routes/payment.ts","statementMap":{"0":{"start":{"line":1,"column":0},"end":{"line":1,"column":52}},"1":{"start":{"line":2,"column":0},"end":{"line":2,"column":69}},"2":{"start":{"line":5,"column":15},"end":{"line":5,"column":23}},"3":{"start":{"line":93,"column":19},"end":{"line":93,"column":32}},"4":{"start":{"line":6,"column":19},"end":{"line":8,"column":null}},"5":{"start":{"line":15,"column":0},"end":{"line":51,"column":3}},"6":{"start":{"line":16,"column":2},"end":{"line":50,"column":3}},"7":{"start":{"line":17,"column":21},"end":{"line":17,"column":62}},"8":{"start":{"line":20,"column":20},"end":{"line":36,"column":6}},"9":{"start":{"line":38,"column":18},"end":{"line":38,"column":78}},"10":{"start":{"line":40,"column":4},"end":{"line":46,"column":7}},"11":{"start":{"line":48,"column":4},"end":{"line":48,"column":49}},"12":{"start":{"line":49,"column":4},"end":{"line":49,"column":72}},"13":{"start":{"line":57,"column":0},"end":{"line":91,"column":3}},"14":{"start":{"line":58,"column":2},"end":{"line":90,"column":3}},"15":{"start":{"line":59,"column":33},"end":{"line":59,"column":41}},"16":{"start":{"line":61,"column":4},"end":{"line":63,"column":5}},"17":{"start":{"line":62,"column":6},"end":{"line":62,"column":78}},"18":{"start":{"line":66,"column":15},"end":{"line":68,"column":6}},"19":{"start":{"line":70,"column":4},"end":{"line":72,"column":5}},"20":{"start":{"line":71,"column":6},"end":{"line":71,"column":70}},"21":{"start":{"line":74,"column":4},"end":{"line":86,"column":5}},"22":{"start":{"line":75,"column":6},"end":{"line":80,"column":9}},"23":{"start":{"line":82,"column":6},"end":{"line":85,"column":9}},"24":{"start":{"line":88,"column":4},"end":{"line":88,"column":56}},"25":{"start":{"line":89,"column":4},"end":{"line":89,"column":64}}},"fnMap":{"0":{"name":"(anonymous_0)","decl":{"start":{"line":15,"column":21},"end":{"line":15,"column":26}},"loc":{"start":{"line":15,"column":59},"end":{"line":51,"column":1}}},"1":{"name":"(anonymous_1)","decl":{"start":{"line":57,"column":23},"end":{"line":57,"column":28}},"loc":{"start":{"line":57,"column":61},"end":{"line":91,"column":1}}}},"branchMap":{"0":{"loc":{"start":{"line":7,"column":2},"end":{"line":7,"column":63}},"type":"binary-expr","locations":[{"start":{"line":7,"column":2},"end":{"line":7,"column":28}},{"start":{"line":7,"column":32},"end":{"line":7,"column":63}}]},"1":{"loc":{"start":{"line":17,"column":21},"end":{"line":17,"column":62}},"type":"binary-expr","locations":[{"start":{"line":17,"column":21},"end":{"line":17,"column":49}},{"start":{"line":17,"column":53},"end":{"line":17,"column":62}}]},"2":{"loc":{"start":{"line":38,"column":18},"end":{"line":38,"column":78}},"type":"binary-expr","locations":[{"start":{"line":38,"column":18},"end":{"line":38,"column":59}},{"start":{"line":38,"column":63},"end":{"line":38,"column":78}}]},"3":{"loc":{"start":{"line":43,"column":17},"end":{"line":43,"column":50}},"type":"binary-expr","locations":[{"start":{"line":43,"column":17},"end":{"line":43,"column":44}},{"start":{"line":43,"column":48},"end":{"line":43,"column":50}}]},"4":{"loc":{"start":{"line":45,"column":17},"end":{"line":45,"column":53}},"type":"binary-expr","locations":[{"start":{"line":45,"column":17},"end":{"line":45,"column":47}},{"start":{"line":45,"column":51},"end":{"line":45,"column":53}}]},"5":{"loc":{"start":{"line":61,"column":4},"end":{"line":63,"column":5}},"type":"if","locations":[{"start":{"line":61,"column":4},"end":{"line":63,"column":5}}]},"6":{"loc":{"start":{"line":70,"column":4},"end":{"line":72,"column":5}},"type":"if","locations":[{"start":{"line":70,"column":4},"end":{"line":72,"column":5}}]},"7":{"loc":{"start":{"line":74,"column":4},"end":{"line":86,"column":5}},"type":"if","locations":[{"start":{"line":74,"column":4},"end":{"line":86,"column":5}},{"start":{"line":81,"column":11},"end":{"line":86,"column":5}}]}},"s":{"0":6,"1":6,"2":6,"3":6,"4":6,"5":6,"6":9,"7":9,"8":9,"9":9,"10":9,"11":0,"12":0,"13":6,"14":4,"15":4,"16":4,"17":2,"18":2,"19":2,"20":2,"21":0,"22":0,"23":0,"24":0,"25":0},"f":{"0":9,"1":4},"b":{"0":[6,0],"1":[9,1],"2":[9,1],"3":[9,0],"4":[9,0],"5":[2],"6":[2],"7":[0,0]}}
}
