TN:
SF:src/index.ts
FN:35,(anonymous_1)
FN:42,(anonymous_2)
FN:51,(anonymous_3)
FN:68,(anonymous_4)
FN:78,(anonymous_5)
FNF:5
FNH:4
FNDA:8,(anonymous_1)
FNDA:16,(anonymous_2)
FNDA:2,(anonymous_3)
FNDA:1,(anonymous_4)
FNDA:0,(anonymous_5)
DA:1,6
DA:2,6
DA:3,6
DA:4,6
DA:5,6
DA:6,6
DA:7,6
DA:8,6
DA:10,6
DA:12,6
DA:13,6
DA:16,6
DA:17,6
DA:23,6
DA:28,6
DA:31,6
DA:32,6
DA:35,6
DA:36,8
DA:40,6
DA:42,6
DA:44,16
DA:45,5
DA:47,11
DA:51,6
DA:52,2
DA:53,0
DA:64,2
DA:68,6
DA:69,1
DA:70,1
DA:77,6
DA:78,0
DA:79,0
DA:80,0
DA:84,6
LF:36
LH:32
BRDA:13,0,0,6
BRDA:13,0,1,0
BRDA:18,1,0,6
BRDA:18,1,1,0
BRDA:44,2,0,5
BRDA:52,3,0,0
BRDA:52,4,0,2
BRDA:52,4,1,0
BRDA:59,5,0,0
BRDA:59,5,1,0
BRDA:72,6,0,0
BRDA:72,6,1,1
BRDA:77,7,0,0
BRDA:77,8,0,6
BRDA:77,8,1,0
BRF:15
BRH:6
end_of_record
TN:
SF:src/middleware/auth.ts
FN:18,(anonymous_1)
FNF:1
FNH:1
FNDA:11,(anonymous_1)
DA:2,6
DA:3,6
DA:5,6
DA:18,6
DA:23,11
DA:24,11
DA:25,11
DA:26,11
DA:27,11
DA:29,11
DA:30,5
DA:37,6
DA:38,6
DA:39,6
DA:41,6
DA:42,1
DA:49,5
DA:50,5
DA:51,5
DA:53,5
DA:59,5
DA:60,1
DA:67,4
DA:68,4
DA:70,4
DA:72,0
DA:73,0
LF:27
LH:25
BRDA:6,0,0,6
BRDA:6,0,1,0
BRDA:29,1,0,5
BRDA:29,2,0,11
BRDA:29,2,1,7
BRDA:29,2,2,6
BRDA:29,2,3,6
BRDA:41,3,0,1
BRDA:59,4,0,1
BRF:9
BRH:8
end_of_record
TN:
SF:src/routes/data.ts
FN:10,(anonymous_0)
FN:59,(anonymous_1)
FNF:2
FNH:2
FNDA:6,(anonymous_0)
FNDA:3,(anonymous_1)
DA:1,6
DA:4,6
DA:10,6
DA:11,6
DA:12,6
DA:13,6
DA:16,6
DA:22,6
DA:48,6
DA:50,0
DA:51,0
DA:59,6
DA:60,3
DA:61,3
DA:62,3
DA:65,3
DA:70,3
DA:87,3
DA:89,0
DA:90,0
DA:94,6
LF:21
LH:17
BRDA:16,0,0,6
BRDA:16,0,1,3
BRDA:45,1,0,6
BRDA:45,1,1,3
BRDA:45,2,0,3
BRDA:45,2,1,0
BRDA:65,3,0,3
BRDA:65,3,1,2
BRDA:84,4,0,3
BRDA:84,4,1,2
BRDA:84,5,0,2
BRDA:84,5,1,0
BRF:12
BRH:10
end_of_record
TN:
SF:src/routes/payment.ts
FN:15,(anonymous_0)
FN:57,(anonymous_1)
FNF:2
FNH:2
FNDA:9,(anonymous_0)
FNDA:4,(anonymous_1)
DA:1,6
DA:2,6
DA:5,6
DA:6,6
DA:15,6
DA:16,9
DA:17,9
DA:20,9
DA:38,9
DA:40,9
DA:48,0
DA:49,0
DA:57,6
DA:58,4
DA:59,4
DA:61,4
DA:62,2
DA:66,2
DA:70,2
DA:71,2
DA:74,0
DA:75,0
DA:82,0
DA:88,0
DA:89,0
DA:93,6
LF:26
LH:19
BRDA:7,0,0,6
BRDA:7,0,1,0
BRDA:17,1,0,9
BRDA:17,1,1,1
BRDA:38,2,0,9
BRDA:38,2,1,1
BRDA:43,3,0,9
BRDA:43,3,1,0
BRDA:45,4,0,9
BRDA:45,4,1,0
BRDA:61,5,0,2
BRDA:70,6,0,2
BRDA:74,7,0,0
BRDA:74,7,1,0
BRF:14
BRH:9
end_of_record
